<?xml version="1.0" encoding="utf-8"?><testsuites name="pytest tests"><testsuite name="pytest" errors="0" failures="0" skipped="0" tests="16" time="14.133" timestamp="2026-04-01T07:38:00.694637+00:00" hostname="agent-env-494495cd-8a7a-4a0d-a23c-6b4be7df05fb"><testcase classname="backend.tests.test_horeca_leads.TestDashboard" name="test_dashboard_stats" time="0.132" /><testcase classname="backend.tests.test_horeca_leads.TestLeads" name="test_get_leads" time="0.162" /><testcase classname="backend.tests.test_horeca_leads.TestLeads" name="test_get_leads_search" time="0.106" /><testcase classname="backend.tests.test_horeca_leads.TestLeads" name="test_get_leads_filter_segment" time="0.111" /><testcase classname="backend.tests.test_horeca_leads.TestLeads" name="test_get_leads_filter_priority" time="0.119" /><testcase classname="backend.tests.test_horeca_leads.TestLeads" name="test_create_lead" time="0.112" /><testcase classname="backend.tests.test_horeca_leads.TestLeads" name="test_get_lead_by_id" time="0.209" /><testcase classname="backend.tests.test_horeca_leads.TestLeads" name="test_get_lead_not_found" time="0.139" /><testcase classname="backend.tests.test_horeca_leads.TestLeads" name="test_update_lead_status" time="0.209" /><testcase classname="backend.tests.test_horeca_leads.TestLeads" name="test_csv_template_download" time="0.107" /><testcase classname="backend.tests.test_horeca_leads.TestDiscover" name="test_discover_leads" time="0.098" /><testcase classname="backend.tests.test_horeca_leads.TestDiscover" name="test_bulk_create_leads" time="0.212" /><testcase classname="backend.tests.test_horeca_leads.TestOutreach" name="test_get_all_emails" time="0.095" /><testcase classname="backend.tests.test_horeca_leads.TestOutreach" name="test_get_lead_emails" time="0.240" /><testcase classname="backend.tests.test_horeca_leads.TestAI" name="test_generate_email" time="5.690" /><testcase classname="backend.tests.test_horeca_leads.TestAI" name="test_qualify_ai" time="6.225" /></testsuite></testsuites>