<?xml version="1.0" encoding="utf-8"?><testsuites name="pytest tests"><testsuite name="pytest" errors="0" failures="0" skipped="0" tests="16" time="15.848" timestamp="2026-04-01T08:22:23.066971+00:00" hostname="agent-env-494495cd-8a7a-4a0d-a23c-6b4be7df05fb"><testcase classname="backend.tests.test_horeca_leads.TestDashboard" name="test_dashboard_stats" time="0.228" /><testcase classname="backend.tests.test_horeca_leads.TestLeads" name="test_get_leads" time="0.115" /><testcase classname="backend.tests.test_horeca_leads.TestLeads" name="test_get_leads_search" time="0.138" /><testcase classname="backend.tests.test_horeca_leads.TestLeads" name="test_get_leads_filter_segment" time="0.113" /><testcase classname="backend.tests.test_horeca_leads.TestLeads" name="test_get_leads_filter_priority" time="0.106" /><testcase classname="backend.tests.test_horeca_leads.TestLeads" name="test_create_lead" time="0.108" /><testcase classname="backend.tests.test_horeca_leads.TestLeads" name="test_get_lead_by_id" time="0.250" /><testcase classname="backend.tests.test_horeca_leads.TestLeads" name="test_get_lead_not_found" time="0.141" /><testcase classname="backend.tests.test_horeca_leads.TestLeads" name="test_update_lead_status" time="0.227" /><testcase classname="backend.tests.test_horeca_leads.TestLeads" name="test_csv_template_download" time="0.100" /><testcase classname="backend.tests.test_horeca_leads.TestDiscover" name="test_discover_leads" time="0.216" /><testcase classname="backend.tests.test_horeca_leads.TestDiscover" name="test_bulk_create_leads" time="0.295" /><testcase classname="backend.tests.test_horeca_leads.TestOutreach" name="test_get_all_emails" time="0.112" /><testcase classname="backend.tests.test_horeca_leads.TestOutreach" name="test_get_lead_emails" time="0.194" /><testcase classname="backend.tests.test_horeca_leads.TestAI" name="test_generate_email" time="5.511" /><testcase classname="backend.tests.test_horeca_leads.TestAI" name="test_qualify_ai" time="7.928" /></testsuite></testsuites>